<?xml version="1.0" encoding="UTF-8"?>
<!-- Generated by org.testng.reporters.JUnitReportReporter -->
<testsuite hostname="DESKTOP-BUGJDR2" failures="0" tests="5" name="com.musala.testcases.TestCase1" time="169.476" errors="0" timestamp="2022-07-18T23:02:19 EET" skipped="0">
  <testcase classname="com.musala.testcases.TestCase1" name="shouldBeAbleToValidateEmail" time="34.005"/>
  <system-out/>
  <testcase classname="com.musala.testcases.TestCase1" name="shouldBeAbleToValidateEmail" time="34.908"/>
  <system-out/>
  <testcase classname="com.musala.testcases.TestCase1" name="shouldBeAbleToValidateEmail" time="33.570"/>
  <system-out/>
  <testcase classname="com.musala.testcases.TestCase1" name="shouldBeAbleToValidateEmail" time="33.226"/>
  <system-out/>
  <testcase classname="com.musala.testcases.TestCase1" name="shouldBeAbleToValidateEmail" time="33.767"/>
  <system-out/>
</testsuite> <!-- com.musala.testcases.TestCase1 -->
