<?xml version="1.0" encoding="UTF-8"?>
<!-- Generated by org.testng.reporters.JUnitReportReporter -->
<testsuite hostname="DESKTOP-BUGJDR2" failures="0" tests="2" name="com.musala.testcases.TestCase2" time="65.140" errors="0" timestamp="2022-07-18T23:02:19 EET" skipped="0">
  <testcase classname="com.musala.testcases.TestCase2" name="verifyCompanyPageURLandLeadershipSection" time="30.044"/>
  <system-out/>
  <testcase classname="com.musala.testcases.TestCase2" name="verifyFBurlAndPorfileImg" time="35.096"/>
  <system-out/>
</testsuite> <!-- com.musala.testcases.TestCase2 -->
