<?xml version="1.0" encoding="UTF-8"?>
<!-- Generated by org.testng.reporters.JUnitReportReporter -->
<testsuite hostname="DESKTOP-BUGJDR2" failures="0" tests="3" name="com.musala.testcases.TestCase2" time="86.837" errors="0" timestamp="2022-07-17T14:50:52 EET" skipped="0">
  <testcase classname="com.musala.testcases.TestCase2" name="verifyCompanyPageURL" time="27.489"/>
  <system-out/>
  <testcase classname="com.musala.testcases.TestCase2" name="verifyLeadershipSection" time="27.550"/>
  <system-out/>
  <testcase classname="com.musala.testcases.TestCase2" name="verifyFBURLAndPorfileImg" time="31.798"/>
  <system-out/>
</testsuite> <!-- com.musala.testcases.TestCase2 -->
