<?xml version="1.0" encoding="UTF-8"?>
<!-- Generated by org.testng.reporters.JUnitReportReporter -->
<testsuite hostname="DESKTOP-BUGJDR2" failures="0" tests="5" name="com.musala.testcases.TestCase1" time="186.459" errors="0" timestamp="2022-07-17T14:50:52 EET" skipped="0">
  <testcase classname="com.musala.testcases.TestCase1" name="ShouldBeAbleToValidateEmail" time="39.120"/>
  <system-out/>
  <testcase classname="com.musala.testcases.TestCase1" name="ShouldBeAbleToValidateEmail" time="37.031"/>
  <system-out/>
  <testcase classname="com.musala.testcases.TestCase1" name="ShouldBeAbleToValidateEmail" time="36.873"/>
  <system-out/>
  <testcase classname="com.musala.testcases.TestCase1" name="ShouldBeAbleToValidateEmail" time="36.582"/>
  <system-out/>
  <testcase classname="com.musala.testcases.TestCase1" name="ShouldBeAbleToValidateEmail" time="36.853"/>
  <system-out/>
</testsuite> <!-- com.musala.testcases.TestCase1 -->
