<?xml version="1.0" encoding="UTF-8"?>
<!-- Generated by org.testng.reporters.JUnitReportReporter -->
<testsuite hostname="DESKTOP-BUGJDR2" failures="0" tests="1" name="com.musala.testcases.TestCase4" time="58.472" errors="0" timestamp="2022-07-18T23:02:19 EET" skipped="0">
  <testcase classname="com.musala.testcases.TestCase4" name="filterAndPrintAvailablePositionsByCity" time="58.472"/>
  <system-out/>
</testsuite> <!-- com.musala.testcases.TestCase4 -->
