<?xml version="1.0" encoding="UTF-8"?>
<!-- Generated by org.testng.reporters.JUnitReportReporter -->
<testsuite hostname="DESKTOP-BUGJDR2" failures="0" tests="1" name="com.musala.testcases.TestCase4" time="34.159" errors="0" timestamp="2022-07-17T14:50:52 EET" skipped="0">
  <testcase classname="com.musala.testcases.TestCase4" name="filterAndPrintAvailablePositionsByCity" time="34.159"/>
  <system-out/>
</testsuite> <!-- com.musala.testcases.TestCase4 -->
